[2018-02-11T20:55:14.905] [ERROR] BlockPoc - onPutChainMsg，Error: Error: Invalid JSON RPC response: ""
[2018-02-11T20:55:14.907] [ERROR] BlockPoc - uncaught exception: TypeError: Cannot read property 'write' of undefined
    at globalIns.rpcIns.onPutChainMsg (/Users/apple/program/poc_2018_02/apimanager/apis.js:19:17)
    at web3.eth.personal.unlockAccount (/Users/apple/program/poc_2018_02/rpc/eth.js:161:20)
    at Object._fireError (/Users/apple/program/poc_2018_02/node_modules/web3-utils/src/index.js:60:9)
    at sendTxCallback (/Users/apple/program/poc_2018_02/node_modules/web3-core-method/src/index.js:471:30)
    at /Users/apple/program/poc_2018_02/node_modules/web3-core-requestmanager/src/index.js:133:20
    at XMLHttpRequest.request.onreadystatechange (/Users/apple/program/poc_2018_02/node_modules/web3-providers-http/src/index.js:77:13)
    at XMLHttpRequestEventTarget.dispatchEvent (/Users/apple/program/poc_2018_02/node_modules/xhr2/lib/xhr2.js:64:18)
    at XMLHttpRequest._setReadyState (/Users/apple/program/poc_2018_02/node_modules/xhr2/lib/xhr2.js:354:12)
    at XMLHttpRequest._onHttpRequestError (/Users/apple/program/poc_2018_02/node_modules/xhr2/lib/xhr2.js:544:12)
    at ClientRequest.<anonymous> (/Users/apple/program/poc_2018_02/node_modules/xhr2/lib/xhr2.js:414:24)
    at ClientRequest.emit (events.js:159:13)
    at Socket.socketErrorListener (_http_client.js:389:9)
    at Socket.emit (events.js:159:13)
    at emitErrorNT (internal/streams/destroy.js:64:8)
    at process._tickCallback (internal/process/next_tick.js:152:19)
[2018-02-11T20:56:21.903] [ERROR] BlockPoc - onPutChainMsg，Error: Error: Invalid JSON RPC response: ""
[2018-02-11T20:56:21.906] [ERROR] BlockPoc - uncaught exception: TypeError [ERR_INVALID_ARG_TYPE]: The first argument must be one of type string or Buffer
    at write_ (_http_outgoing.js:654:11)
    at ServerResponse.write (_http_outgoing.js:629:10)
    at globalIns.rpcIns.onPutChainMsg (/Users/apple/program/poc_2018_02/apimanager/apis.js:19:17)
    at web3.eth.personal.unlockAccount (/Users/apple/program/poc_2018_02/rpc/eth.js:161:20)
    at Object._fireError (/Users/apple/program/poc_2018_02/node_modules/web3-utils/src/index.js:60:9)
    at sendTxCallback (/Users/apple/program/poc_2018_02/node_modules/web3-core-method/src/index.js:471:30)
    at /Users/apple/program/poc_2018_02/node_modules/web3-core-requestmanager/src/index.js:133:20
    at XMLHttpRequest.request.onreadystatechange (/Users/apple/program/poc_2018_02/node_modules/web3-providers-http/src/index.js:77:13)
    at XMLHttpRequestEventTarget.dispatchEvent (/Users/apple/program/poc_2018_02/node_modules/xhr2/lib/xhr2.js:64:18)
    at XMLHttpRequest._setReadyState (/Users/apple/program/poc_2018_02/node_modules/xhr2/lib/xhr2.js:354:12)
    at XMLHttpRequest._onHttpRequestError (/Users/apple/program/poc_2018_02/node_modules/xhr2/lib/xhr2.js:544:12)
    at ClientRequest.<anonymous> (/Users/apple/program/poc_2018_02/node_modules/xhr2/lib/xhr2.js:414:24)
    at ClientRequest.emit (events.js:159:13)
    at Socket.socketErrorListener (_http_client.js:389:9)
    at Socket.emit (events.js:159:13)
    at emitErrorNT (internal/streams/destroy.js:64:8)
    at process._tickCallback (internal/process/next_tick.js:152:19)
[2018-02-11T20:57:14.985] [ERROR] BlockPoc - onPutChainMsg，Error: Error: Invalid JSON RPC response: ""
[2018-02-11T20:57:14.987] [ERROR] BlockPoc - uncaught exception: TypeError [ERR_INVALID_ARG_TYPE]: The first argument must be one of type string or Buffer
    at write_ (_http_outgoing.js:654:11)
    at ServerResponse.write (_http_outgoing.js:629:10)
    at globalIns.rpcIns.onPutChainMsg (/Users/apple/program/poc_2018_02/apimanager/apis.js:19:17)
    at web3.eth.personal.unlockAccount (/Users/apple/program/poc_2018_02/rpc/eth.js:161:20)
    at Object._fireError (/Users/apple/program/poc_2018_02/node_modules/web3-utils/src/index.js:60:9)
    at sendTxCallback (/Users/apple/program/poc_2018_02/node_modules/web3-core-method/src/index.js:471:30)
    at /Users/apple/program/poc_2018_02/node_modules/web3-core-requestmanager/src/index.js:133:20
    at XMLHttpRequest.request.onreadystatechange (/Users/apple/program/poc_2018_02/node_modules/web3-providers-http/src/index.js:77:13)
    at XMLHttpRequestEventTarget.dispatchEvent (/Users/apple/program/poc_2018_02/node_modules/xhr2/lib/xhr2.js:64:18)
    at XMLHttpRequest._setReadyState (/Users/apple/program/poc_2018_02/node_modules/xhr2/lib/xhr2.js:354:12)
    at XMLHttpRequest._onHttpRequestError (/Users/apple/program/poc_2018_02/node_modules/xhr2/lib/xhr2.js:544:12)
    at ClientRequest.<anonymous> (/Users/apple/program/poc_2018_02/node_modules/xhr2/lib/xhr2.js:414:24)
    at ClientRequest.emit (events.js:159:13)
    at Socket.socketErrorListener (_http_client.js:389:9)
    at Socket.emit (events.js:159:13)
    at emitErrorNT (internal/streams/destroy.js:64:8)
    at process._tickCallback (internal/process/next_tick.js:152:19)
[2018-02-11T20:57:35.973] [ERROR] BlockPoc - onPutChainMsg，Error: Error: Invalid JSON RPC response: ""
[2018-02-11T20:57:35.974] [ERROR] BlockPoc - uncaught exception: TypeError [ERR_INVALID_ARG_TYPE]: The first argument must be one of type string or Buffer
    at write_ (_http_outgoing.js:654:11)
    at ServerResponse.write (_http_outgoing.js:629:10)
    at globalIns.rpcIns.onPutChainMsg (/Users/apple/program/poc_2018_02/apimanager/apis.js:19:17)
    at web3.eth.personal.unlockAccount (/Users/apple/program/poc_2018_02/rpc/eth.js:161:20)
    at Object._fireError (/Users/apple/program/poc_2018_02/node_modules/web3-utils/src/index.js:60:9)
    at sendTxCallback (/Users/apple/program/poc_2018_02/node_modules/web3-core-method/src/index.js:471:30)
    at /Users/apple/program/poc_2018_02/node_modules/web3-core-requestmanager/src/index.js:133:20
    at XMLHttpRequest.request.onreadystatechange (/Users/apple/program/poc_2018_02/node_modules/web3-providers-http/src/index.js:77:13)
    at XMLHttpRequestEventTarget.dispatchEvent (/Users/apple/program/poc_2018_02/node_modules/xhr2/lib/xhr2.js:64:18)
    at XMLHttpRequest._setReadyState (/Users/apple/program/poc_2018_02/node_modules/xhr2/lib/xhr2.js:354:12)
    at XMLHttpRequest._onHttpRequestError (/Users/apple/program/poc_2018_02/node_modules/xhr2/lib/xhr2.js:544:12)
    at ClientRequest.<anonymous> (/Users/apple/program/poc_2018_02/node_modules/xhr2/lib/xhr2.js:414:24)
    at ClientRequest.emit (events.js:159:13)
    at Socket.socketErrorListener (_http_client.js:389:9)
    at Socket.emit (events.js:159:13)
    at emitErrorNT (internal/streams/destroy.js:64:8)
    at process._tickCallback (internal/process/next_tick.js:152:19)
[2018-02-11T21:00:02.966] [ERROR] BlockPoc - onPutChainMsg，Error: Error: Invalid JSON RPC response: ""
[2018-02-11T21:00:02.967] [ERROR] BlockPoc - uncaught exception: TypeError [ERR_INVALID_ARG_TYPE]: The first argument must be one of type string or Buffer
    at write_ (_http_outgoing.js:654:11)
    at ServerResponse.write (_http_outgoing.js:629:10)
    at globalIns.rpcIns.onPutChainMsg (/Users/apple/program/poc_2018_02/apimanager/apis.js:19:17)
    at web3.eth.personal.unlockAccount (/Users/apple/program/poc_2018_02/rpc/eth.js:161:20)
    at Object._fireError (/Users/apple/program/poc_2018_02/node_modules/web3-utils/src/index.js:60:9)
    at sendTxCallback (/Users/apple/program/poc_2018_02/node_modules/web3-core-method/src/index.js:471:30)
    at /Users/apple/program/poc_2018_02/node_modules/web3-core-requestmanager/src/index.js:133:20
    at XMLHttpRequest.request.onreadystatechange (/Users/apple/program/poc_2018_02/node_modules/web3-providers-http/src/index.js:77:13)
    at XMLHttpRequestEventTarget.dispatchEvent (/Users/apple/program/poc_2018_02/node_modules/xhr2/lib/xhr2.js:64:18)
    at XMLHttpRequest._setReadyState (/Users/apple/program/poc_2018_02/node_modules/xhr2/lib/xhr2.js:354:12)
    at XMLHttpRequest._onHttpRequestError (/Users/apple/program/poc_2018_02/node_modules/xhr2/lib/xhr2.js:544:12)
    at ClientRequest.<anonymous> (/Users/apple/program/poc_2018_02/node_modules/xhr2/lib/xhr2.js:414:24)
    at ClientRequest.emit (events.js:159:13)
    at Socket.socketErrorListener (_http_client.js:389:9)
    at Socket.emit (events.js:159:13)
    at emitErrorNT (internal/streams/destroy.js:64:8)
    at process._tickCallback (internal/process/next_tick.js:152:19)
[2018-02-11T21:03:28.324] [ERROR] BlockPoc - onPutChainMsg，Error: Error: Invalid JSON RPC response: ""
[2018-02-11T21:03:28.333] [ERROR] BlockPoc - uncaught exception: TypeError [ERR_INVALID_ARG_TYPE]: The first argument must be one of type string or Buffer
    at write_ (_http_outgoing.js:654:11)
    at ServerResponse.write (_http_outgoing.js:629:10)
    at globalIns.rpcIns.onPutChainMsg (/Users/apple/program/poc_2018_02/apimanager/apis.js:19:17)
    at web3.eth.personal.unlockAccount (/Users/apple/program/poc_2018_02/rpc/eth.js:161:20)
    at Object._fireError (/Users/apple/program/poc_2018_02/node_modules/web3-utils/src/index.js:60:9)
    at sendTxCallback (/Users/apple/program/poc_2018_02/node_modules/web3-core-method/src/index.js:471:30)
    at /Users/apple/program/poc_2018_02/node_modules/web3-core-requestmanager/src/index.js:133:20
    at XMLHttpRequest.request.onreadystatechange (/Users/apple/program/poc_2018_02/node_modules/web3-providers-http/src/index.js:77:13)
    at XMLHttpRequestEventTarget.dispatchEvent (/Users/apple/program/poc_2018_02/node_modules/xhr2/lib/xhr2.js:64:18)
    at XMLHttpRequest._setReadyState (/Users/apple/program/poc_2018_02/node_modules/xhr2/lib/xhr2.js:354:12)
    at XMLHttpRequest._onHttpRequestError (/Users/apple/program/poc_2018_02/node_modules/xhr2/lib/xhr2.js:544:12)
    at ClientRequest.<anonymous> (/Users/apple/program/poc_2018_02/node_modules/xhr2/lib/xhr2.js:414:24)
    at ClientRequest.emit (events.js:159:13)
    at Socket.socketErrorListener (_http_client.js:389:9)
    at Socket.emit (events.js:159:13)
    at emitErrorNT (internal/streams/destroy.js:64:8)
    at process._tickCallback (internal/process/next_tick.js:152:19)
[2018-02-11T21:11:09.874] [ERROR] BlockPoc - uncaught exception: TypeError: request.doPostHim is not a function
    at globalIns.rpcIns.onPutChainMsg (/Users/apple/program/poc_2018_02/apimanager/apis.js:36:17)
    at Object.contarctIns.methods.onPutChainMsg.send [as callback] (/Users/apple/program/poc_2018_02/rpc/eth.js:171:20)
    at sendTxCallback (/Users/apple/program/poc_2018_02/node_modules/web3-core-method/src/index.js:464:29)
    at /Users/apple/program/poc_2018_02/node_modules/web3-core-requestmanager/src/index.js:144:9
    at XMLHttpRequest.request.onreadystatechange (/Users/apple/program/poc_2018_02/node_modules/web3-providers-http/src/index.js:77:13)
    at XMLHttpRequestEventTarget.dispatchEvent (/Users/apple/program/poc_2018_02/node_modules/xhr2/lib/xhr2.js:64:18)
    at XMLHttpRequest._setReadyState (/Users/apple/program/poc_2018_02/node_modules/xhr2/lib/xhr2.js:354:12)
    at XMLHttpRequest._onHttpResponseEnd (/Users/apple/program/poc_2018_02/node_modules/xhr2/lib/xhr2.js:509:12)
    at IncomingMessage.<anonymous> (/Users/apple/program/poc_2018_02/node_modules/xhr2/lib/xhr2.js:469:24)
    at IncomingMessage.emit (events.js:164:20)
    at endReadableNT (_stream_readable.js:1062:12)
    at process._tickCallback (internal/process/next_tick.js:152:19)
[2018-02-11T21:11:29.408] [ERROR] BlockPoc - uncaught exception: TypeError: request.doPostHim is not a function
    at globalIns.rpcIns.onPutChainMsg (/Users/apple/program/poc_2018_02/apimanager/apis.js:36:17)
    at Object.contarctIns.methods.onPutChainMsg.send [as callback] (/Users/apple/program/poc_2018_02/rpc/eth.js:171:20)
    at sendTxCallback (/Users/apple/program/poc_2018_02/node_modules/web3-core-method/src/index.js:464:29)
    at /Users/apple/program/poc_2018_02/node_modules/web3-core-requestmanager/src/index.js:144:9
    at XMLHttpRequest.request.onreadystatechange (/Users/apple/program/poc_2018_02/node_modules/web3-providers-http/src/index.js:77:13)
    at XMLHttpRequestEventTarget.dispatchEvent (/Users/apple/program/poc_2018_02/node_modules/xhr2/lib/xhr2.js:64:18)
    at XMLHttpRequest._setReadyState (/Users/apple/program/poc_2018_02/node_modules/xhr2/lib/xhr2.js:354:12)
    at XMLHttpRequest._onHttpResponseEnd (/Users/apple/program/poc_2018_02/node_modules/xhr2/lib/xhr2.js:509:12)
    at IncomingMessage.<anonymous> (/Users/apple/program/poc_2018_02/node_modules/xhr2/lib/xhr2.js:469:24)
    at IncomingMessage.emit (events.js:164:20)
    at endReadableNT (_stream_readable.js:1062:12)
    at process._tickCallback (internal/process/next_tick.js:152:19)
[2018-02-11T21:14:00.279] [ERROR] BlockPoc - uncaught exception: TypeError: request.doPostHim is not a function
    at globalIns.rpcIns.onPutChainMsg (/Users/apple/program/poc_2018_02/apimanager/apis.js:36:17)
    at Object.contarctIns.methods.onPutChainMsg.send [as callback] (/Users/apple/program/poc_2018_02/rpc/eth.js:171:20)
    at sendTxCallback (/Users/apple/program/poc_2018_02/node_modules/web3-core-method/src/index.js:464:29)
    at /Users/apple/program/poc_2018_02/node_modules/web3-core-requestmanager/src/index.js:144:9
    at XMLHttpRequest.request.onreadystatechange (/Users/apple/program/poc_2018_02/node_modules/web3-providers-http/src/index.js:77:13)
    at XMLHttpRequestEventTarget.dispatchEvent (/Users/apple/program/poc_2018_02/node_modules/xhr2/lib/xhr2.js:64:18)
    at XMLHttpRequest._setReadyState (/Users/apple/program/poc_2018_02/node_modules/xhr2/lib/xhr2.js:354:12)
    at XMLHttpRequest._onHttpResponseEnd (/Users/apple/program/poc_2018_02/node_modules/xhr2/lib/xhr2.js:509:12)
    at IncomingMessage.<anonymous> (/Users/apple/program/poc_2018_02/node_modules/xhr2/lib/xhr2.js:469:24)
    at IncomingMessage.emit (events.js:164:20)
    at endReadableNT (_stream_readable.js:1062:12)
    at process._tickCallback (internal/process/next_tick.js:152:19)
[2018-02-11T21:14:56.572] [ERROR] BlockPoc - uncaught exception: TypeError: areturn is not a function
    at Request._callback (/Users/apple/program/poc_2018_02/apimanager/request.js:14:20)
    at self.callback (/Users/apple/program/poc_2018_02/node_modules/request/request.js:186:22)
    at Request.emit (events.js:159:13)
    at Request.init (/Users/apple/program/poc_2018_02/node_modules/request/request.js:274:17)
    at new Request (/Users/apple/program/poc_2018_02/node_modules/request/request.js:128:8)
    at request (/Users/apple/program/poc_2018_02/node_modules/request/index.js:53:10)
    at Function.post (/Users/apple/program/poc_2018_02/node_modules/request/index.js:61:12)
    at Timeout.doPostHim [as _onTimeout] (/Users/apple/program/poc_2018_02/apimanager/request.js:7:13)
    at ontimeout (timers.js:468:13)
    at tryOnTimeout (timers.js:304:5)
    at Timer.listOnTimeout (timers.js:264:5)
[2018-02-11T21:43:48.242] [ERROR] BlockPoc - uncaught exception: TypeError: areturn is not a function
    at Request._callback (/Users/apple/program/poc_2018_02/apimanager/request.js:14:20)
    at self.callback (/Users/apple/program/poc_2018_02/node_modules/request/request.js:186:22)
    at Request.emit (events.js:159:13)
    at Request.init (/Users/apple/program/poc_2018_02/node_modules/request/request.js:274:17)
    at new Request (/Users/apple/program/poc_2018_02/node_modules/request/request.js:128:8)
    at request (/Users/apple/program/poc_2018_02/node_modules/request/index.js:53:10)
    at Function.post (/Users/apple/program/poc_2018_02/node_modules/request/index.js:61:12)
    at Timeout.doPostHim [as _onTimeout] (/Users/apple/program/poc_2018_02/apimanager/request.js:7:13)
    at ontimeout (timers.js:468:13)
    at tryOnTimeout (timers.js:304:5)
    at Timer.listOnTimeout (timers.js:264:5)
[2018-02-11T21:43:50.570] [ERROR] BlockPoc - uncaught exception: TypeError: areturn is not a function
    at Request._callback (/Users/apple/program/poc_2018_02/apimanager/request.js:14:20)
    at self.callback (/Users/apple/program/poc_2018_02/node_modules/request/request.js:186:22)
    at Request.emit (events.js:159:13)
    at Request.init (/Users/apple/program/poc_2018_02/node_modules/request/request.js:274:17)
    at new Request (/Users/apple/program/poc_2018_02/node_modules/request/request.js:128:8)
    at request (/Users/apple/program/poc_2018_02/node_modules/request/index.js:53:10)
    at Function.post (/Users/apple/program/poc_2018_02/node_modules/request/index.js:61:12)
    at Timeout.doPostHim [as _onTimeout] (/Users/apple/program/poc_2018_02/apimanager/request.js:7:13)
    at ontimeout (timers.js:468:13)
    at tryOnTimeout (timers.js:304:5)
    at Timer.listOnTimeout (timers.js:264:5)
[2018-02-11T21:43:52.552] [ERROR] BlockPoc - uncaught exception: TypeError: areturn is not a function
    at Request._callback (/Users/apple/program/poc_2018_02/apimanager/request.js:14:20)
    at self.callback (/Users/apple/program/poc_2018_02/node_modules/request/request.js:186:22)
    at Request.emit (events.js:159:13)
    at Request.init (/Users/apple/program/poc_2018_02/node_modules/request/request.js:274:17)
    at new Request (/Users/apple/program/poc_2018_02/node_modules/request/request.js:128:8)
    at request (/Users/apple/program/poc_2018_02/node_modules/request/index.js:53:10)
    at Function.post (/Users/apple/program/poc_2018_02/node_modules/request/index.js:61:12)
    at Timeout.doPostHim [as _onTimeout] (/Users/apple/program/poc_2018_02/apimanager/request.js:7:13)
    at ontimeout (timers.js:468:13)
    at tryOnTimeout (timers.js:304:5)
    at Timer.listOnTimeout (timers.js:264:5)
[2018-02-11T21:43:54.338] [ERROR] BlockPoc - uncaught exception: TypeError: areturn is not a function
    at Request._callback (/Users/apple/program/poc_2018_02/apimanager/request.js:14:20)
    at self.callback (/Users/apple/program/poc_2018_02/node_modules/request/request.js:186:22)
    at Request.emit (events.js:159:13)
    at Request.init (/Users/apple/program/poc_2018_02/node_modules/request/request.js:274:17)
    at new Request (/Users/apple/program/poc_2018_02/node_modules/request/request.js:128:8)
    at request (/Users/apple/program/poc_2018_02/node_modules/request/index.js:53:10)
    at Function.post (/Users/apple/program/poc_2018_02/node_modules/request/index.js:61:12)
    at Timeout.doPostHim [as _onTimeout] (/Users/apple/program/poc_2018_02/apimanager/request.js:7:13)
    at ontimeout (timers.js:468:13)
    at tryOnTimeout (timers.js:304:5)
    at Timer.listOnTimeout (timers.js:264:5)
[2018-02-11T21:43:55.923] [ERROR] BlockPoc - uncaught exception: TypeError: areturn is not a function
    at Request._callback (/Users/apple/program/poc_2018_02/apimanager/request.js:14:20)
    at self.callback (/Users/apple/program/poc_2018_02/node_modules/request/request.js:186:22)
    at Request.emit (events.js:159:13)
    at Request.init (/Users/apple/program/poc_2018_02/node_modules/request/request.js:274:17)
    at new Request (/Users/apple/program/poc_2018_02/node_modules/request/request.js:128:8)
    at request (/Users/apple/program/poc_2018_02/node_modules/request/index.js:53:10)
    at Function.post (/Users/apple/program/poc_2018_02/node_modules/request/index.js:61:12)
    at Timeout.doPostHim [as _onTimeout] (/Users/apple/program/poc_2018_02/apimanager/request.js:7:13)
    at ontimeout (timers.js:468:13)
    at tryOnTimeout (timers.js:304:5)
    at Timer.listOnTimeout (timers.js:264:5)
[2018-02-11T21:43:57.458] [ERROR] BlockPoc - uncaught exception: TypeError: areturn is not a function
    at Request._callback (/Users/apple/program/poc_2018_02/apimanager/request.js:14:20)
    at self.callback (/Users/apple/program/poc_2018_02/node_modules/request/request.js:186:22)
    at Request.emit (events.js:159:13)
    at Request.init (/Users/apple/program/poc_2018_02/node_modules/request/request.js:274:17)
    at new Request (/Users/apple/program/poc_2018_02/node_modules/request/request.js:128:8)
    at request (/Users/apple/program/poc_2018_02/node_modules/request/index.js:53:10)
    at Function.post (/Users/apple/program/poc_2018_02/node_modules/request/index.js:61:12)
    at Timeout.doPostHim [as _onTimeout] (/Users/apple/program/poc_2018_02/apimanager/request.js:7:13)
    at ontimeout (timers.js:468:13)
    at tryOnTimeout (timers.js:304:5)
    at Timer.listOnTimeout (timers.js:264:5)
[2018-02-11T21:43:58.865] [ERROR] BlockPoc - uncaught exception: TypeError: areturn is not a function
    at Request._callback (/Users/apple/program/poc_2018_02/apimanager/request.js:14:20)
    at self.callback (/Users/apple/program/poc_2018_02/node_modules/request/request.js:186:22)
    at Request.emit (events.js:159:13)
    at Request.init (/Users/apple/program/poc_2018_02/node_modules/request/request.js:274:17)
    at new Request (/Users/apple/program/poc_2018_02/node_modules/request/request.js:128:8)
    at request (/Users/apple/program/poc_2018_02/node_modules/request/index.js:53:10)
    at Function.post (/Users/apple/program/poc_2018_02/node_modules/request/index.js:61:12)
    at Timeout.doPostHim [as _onTimeout] (/Users/apple/program/poc_2018_02/apimanager/request.js:7:13)
    at ontimeout (timers.js:468:13)
    at tryOnTimeout (timers.js:304:5)
    at Timer.listOnTimeout (timers.js:264:5)
[2018-02-11T21:47:13.669] [ERROR] BlockPoc - uncaught exception: TypeError: areturn is not a function
    at Request._callback (/Users/apple/program/poc_2018_02/apimanager/request.js:14:20)
    at self.callback (/Users/apple/program/poc_2018_02/node_modules/request/request.js:186:22)
    at Request.emit (events.js:159:13)
    at Request.init (/Users/apple/program/poc_2018_02/node_modules/request/request.js:274:17)
    at new Request (/Users/apple/program/poc_2018_02/node_modules/request/request.js:128:8)
    at request (/Users/apple/program/poc_2018_02/node_modules/request/index.js:53:10)
    at Function.post (/Users/apple/program/poc_2018_02/node_modules/request/index.js:61:12)
    at Timeout.doPostHim [as _onTimeout] (/Users/apple/program/poc_2018_02/apimanager/request.js:7:13)
    at ontimeout (timers.js:468:13)
    at tryOnTimeout (timers.js:304:5)
    at Timer.listOnTimeout (timers.js:264:5)
[2018-02-11T21:47:15.855] [ERROR] BlockPoc - uncaught exception: TypeError: areturn is not a function
    at Request._callback (/Users/apple/program/poc_2018_02/apimanager/request.js:14:20)
    at self.callback (/Users/apple/program/poc_2018_02/node_modules/request/request.js:186:22)
    at Request.emit (events.js:159:13)
    at Request.init (/Users/apple/program/poc_2018_02/node_modules/request/request.js:274:17)
    at new Request (/Users/apple/program/poc_2018_02/node_modules/request/request.js:128:8)
    at request (/Users/apple/program/poc_2018_02/node_modules/request/index.js:53:10)
    at Function.post (/Users/apple/program/poc_2018_02/node_modules/request/index.js:61:12)
    at Timeout.doPostHim [as _onTimeout] (/Users/apple/program/poc_2018_02/apimanager/request.js:7:13)
    at ontimeout (timers.js:468:13)
    at tryOnTimeout (timers.js:304:5)
    at Timer.listOnTimeout (timers.js:264:5)
[2018-02-11T22:02:40.505] [ERROR] BlockPoc - uncaught exception: TypeError: areturn is not a function
    at Request._callback (/Users/apple/program/poc_2018_02/apimanager/request.js:14:20)
    at self.callback (/Users/apple/program/poc_2018_02/node_modules/request/request.js:186:22)
    at Request.emit (events.js:159:13)
    at Request.init (/Users/apple/program/poc_2018_02/node_modules/request/request.js:274:17)
    at new Request (/Users/apple/program/poc_2018_02/node_modules/request/request.js:128:8)
    at request (/Users/apple/program/poc_2018_02/node_modules/request/index.js:53:10)
    at Function.post (/Users/apple/program/poc_2018_02/node_modules/request/index.js:61:12)
    at Timeout.doPostHim [as _onTimeout] (/Users/apple/program/poc_2018_02/apimanager/request.js:7:13)
    at ontimeout (timers.js:468:13)
    at tryOnTimeout (timers.js:304:5)
    at Timer.listOnTimeout (timers.js:264:5)
[2018-02-11T22:02:42.691] [ERROR] BlockPoc - uncaught exception: TypeError: areturn is not a function
    at Request._callback (/Users/apple/program/poc_2018_02/apimanager/request.js:14:20)
    at self.callback (/Users/apple/program/poc_2018_02/node_modules/request/request.js:186:22)
    at Request.emit (events.js:159:13)
    at Request.init (/Users/apple/program/poc_2018_02/node_modules/request/request.js:274:17)
    at new Request (/Users/apple/program/poc_2018_02/node_modules/request/request.js:128:8)
    at request (/Users/apple/program/poc_2018_02/node_modules/request/index.js:53:10)
    at Function.post (/Users/apple/program/poc_2018_02/node_modules/request/index.js:61:12)
    at Timeout.doPostHim [as _onTimeout] (/Users/apple/program/poc_2018_02/apimanager/request.js:7:13)
    at ontimeout (timers.js:468:13)
    at tryOnTimeout (timers.js:304:5)
    at Timer.listOnTimeout (timers.js:264:5)
[2018-02-11T22:02:44.409] [ERROR] BlockPoc - uncaught exception: TypeError: areturn is not a function
    at Request._callback (/Users/apple/program/poc_2018_02/apimanager/request.js:14:20)
    at self.callback (/Users/apple/program/poc_2018_02/node_modules/request/request.js:186:22)
    at Request.emit (events.js:159:13)
    at Request.init (/Users/apple/program/poc_2018_02/node_modules/request/request.js:274:17)
    at new Request (/Users/apple/program/poc_2018_02/node_modules/request/request.js:128:8)
    at request (/Users/apple/program/poc_2018_02/node_modules/request/index.js:53:10)
    at Function.post (/Users/apple/program/poc_2018_02/node_modules/request/index.js:61:12)
    at Timeout.doPostHim [as _onTimeout] (/Users/apple/program/poc_2018_02/apimanager/request.js:7:13)
    at ontimeout (timers.js:468:13)
    at tryOnTimeout (timers.js:304:5)
    at Timer.listOnTimeout (timers.js:264:5)
[2018-02-11T22:02:45.866] [ERROR] BlockPoc - uncaught exception: TypeError: areturn is not a function
    at Request._callback (/Users/apple/program/poc_2018_02/apimanager/request.js:14:20)
    at self.callback (/Users/apple/program/poc_2018_02/node_modules/request/request.js:186:22)
    at Request.emit (events.js:159:13)
    at Request.init (/Users/apple/program/poc_2018_02/node_modules/request/request.js:274:17)
    at new Request (/Users/apple/program/poc_2018_02/node_modules/request/request.js:128:8)
    at request (/Users/apple/program/poc_2018_02/node_modules/request/index.js:53:10)
    at Function.post (/Users/apple/program/poc_2018_02/node_modules/request/index.js:61:12)
    at Timeout.doPostHim [as _onTimeout] (/Users/apple/program/poc_2018_02/apimanager/request.js:7:13)
    at ontimeout (timers.js:468:13)
    at tryOnTimeout (timers.js:304:5)
    at Timer.listOnTimeout (timers.js:264:5)
[2018-02-11T22:02:47.347] [ERROR] BlockPoc - uncaught exception: TypeError: areturn is not a function
    at Request._callback (/Users/apple/program/poc_2018_02/apimanager/request.js:14:20)
    at self.callback (/Users/apple/program/poc_2018_02/node_modules/request/request.js:186:22)
    at Request.emit (events.js:159:13)
    at Request.init (/Users/apple/program/poc_2018_02/node_modules/request/request.js:274:17)
    at new Request (/Users/apple/program/poc_2018_02/node_modules/request/request.js:128:8)
    at request (/Users/apple/program/poc_2018_02/node_modules/request/index.js:53:10)
    at Function.post (/Users/apple/program/poc_2018_02/node_modules/request/index.js:61:12)
    at Timeout.doPostHim [as _onTimeout] (/Users/apple/program/poc_2018_02/apimanager/request.js:7:13)
    at ontimeout (timers.js:468:13)
    at tryOnTimeout (timers.js:304:5)
    at Timer.listOnTimeout (timers.js:264:5)
[2018-02-11T22:02:48.810] [ERROR] BlockPoc - uncaught exception: TypeError: areturn is not a function
    at Request._callback (/Users/apple/program/poc_2018_02/apimanager/request.js:14:20)
    at self.callback (/Users/apple/program/poc_2018_02/node_modules/request/request.js:186:22)
    at Request.emit (events.js:159:13)
    at Request.init (/Users/apple/program/poc_2018_02/node_modules/request/request.js:274:17)
    at new Request (/Users/apple/program/poc_2018_02/node_modules/request/request.js:128:8)
    at request (/Users/apple/program/poc_2018_02/node_modules/request/index.js:53:10)
    at Function.post (/Users/apple/program/poc_2018_02/node_modules/request/index.js:61:12)
    at Timeout.doPostHim [as _onTimeout] (/Users/apple/program/poc_2018_02/apimanager/request.js:7:13)
    at ontimeout (timers.js:468:13)
    at tryOnTimeout (timers.js:304:5)
    at Timer.listOnTimeout (timers.js:264:5)
[2018-02-11T22:02:50.198] [ERROR] BlockPoc - uncaught exception: TypeError: areturn is not a function
    at Request._callback (/Users/apple/program/poc_2018_02/apimanager/request.js:14:20)
    at self.callback (/Users/apple/program/poc_2018_02/node_modules/request/request.js:186:22)
    at Request.emit (events.js:159:13)
    at Request.init (/Users/apple/program/poc_2018_02/node_modules/request/request.js:274:17)
    at new Request (/Users/apple/program/poc_2018_02/node_modules/request/request.js:128:8)
    at request (/Users/apple/program/poc_2018_02/node_modules/request/index.js:53:10)
    at Function.post (/Users/apple/program/poc_2018_02/node_modules/request/index.js:61:12)
    at Timeout.doPostHim [as _onTimeout] (/Users/apple/program/poc_2018_02/apimanager/request.js:7:13)
    at ontimeout (timers.js:468:13)
    at tryOnTimeout (timers.js:304:5)
    at Timer.listOnTimeout (timers.js:264:5)
[2018-02-11T22:02:51.699] [ERROR] BlockPoc - uncaught exception: TypeError: areturn is not a function
    at Request._callback (/Users/apple/program/poc_2018_02/apimanager/request.js:14:20)
    at self.callback (/Users/apple/program/poc_2018_02/node_modules/request/request.js:186:22)
    at Request.emit (events.js:159:13)
    at Request.init (/Users/apple/program/poc_2018_02/node_modules/request/request.js:274:17)
    at new Request (/Users/apple/program/poc_2018_02/node_modules/request/request.js:128:8)
    at request (/Users/apple/program/poc_2018_02/node_modules/request/index.js:53:10)
    at Function.post (/Users/apple/program/poc_2018_02/node_modules/request/index.js:61:12)
    at Timeout.doPostHim [as _onTimeout] (/Users/apple/program/poc_2018_02/apimanager/request.js:7:13)
    at ontimeout (timers.js:468:13)
    at tryOnTimeout (timers.js:304:5)
    at Timer.listOnTimeout (timers.js:264:5)
[2018-02-11T22:02:53.083] [ERROR] BlockPoc - uncaught exception: TypeError: areturn is not a function
    at Request._callback (/Users/apple/program/poc_2018_02/apimanager/request.js:14:20)
    at self.callback (/Users/apple/program/poc_2018_02/node_modules/request/request.js:186:22)
    at Request.emit (events.js:159:13)
    at Request.init (/Users/apple/program/poc_2018_02/node_modules/request/request.js:274:17)
    at new Request (/Users/apple/program/poc_2018_02/node_modules/request/request.js:128:8)
    at request (/Users/apple/program/poc_2018_02/node_modules/request/index.js:53:10)
    at Function.post (/Users/apple/program/poc_2018_02/node_modules/request/index.js:61:12)
    at Timeout.doPostHim [as _onTimeout] (/Users/apple/program/poc_2018_02/apimanager/request.js:7:13)
    at ontimeout (timers.js:468:13)
    at tryOnTimeout (timers.js:304:5)
    at Timer.listOnTimeout (timers.js:264:5)
[2018-02-11T22:02:54.478] [ERROR] BlockPoc - uncaught exception: TypeError: areturn is not a function
    at Request._callback (/Users/apple/program/poc_2018_02/apimanager/request.js:14:20)
    at self.callback (/Users/apple/program/poc_2018_02/node_modules/request/request.js:186:22)
    at Request.emit (events.js:159:13)
    at Request.init (/Users/apple/program/poc_2018_02/node_modules/request/request.js:274:17)
    at new Request (/Users/apple/program/poc_2018_02/node_modules/request/request.js:128:8)
    at request (/Users/apple/program/poc_2018_02/node_modules/request/index.js:53:10)
    at Function.post (/Users/apple/program/poc_2018_02/node_modules/request/index.js:61:12)
    at Timeout.doPostHim [as _onTimeout] (/Users/apple/program/poc_2018_02/apimanager/request.js:7:13)
    at ontimeout (timers.js:468:13)
    at tryOnTimeout (timers.js:304:5)
    at Timer.listOnTimeout (timers.js:264:5)
[2018-02-11T22:02:56.138] [ERROR] BlockPoc - uncaught exception: TypeError: areturn is not a function
    at Request._callback (/Users/apple/program/poc_2018_02/apimanager/request.js:14:20)
    at self.callback (/Users/apple/program/poc_2018_02/node_modules/request/request.js:186:22)
    at Request.emit (events.js:159:13)
    at Request.init (/Users/apple/program/poc_2018_02/node_modules/request/request.js:274:17)
    at new Request (/Users/apple/program/poc_2018_02/node_modules/request/request.js:128:8)
    at request (/Users/apple/program/poc_2018_02/node_modules/request/index.js:53:10)
    at Function.post (/Users/apple/program/poc_2018_02/node_modules/request/index.js:61:12)
    at Timeout.doPostHim [as _onTimeout] (/Users/apple/program/poc_2018_02/apimanager/request.js:7:13)
    at ontimeout (timers.js:468:13)
    at tryOnTimeout (timers.js:304:5)
    at Timer.listOnTimeout (timers.js:264:5)
[2018-02-11T22:02:58.149] [ERROR] BlockPoc - uncaught exception: TypeError: areturn is not a function
    at Request._callback (/Users/apple/program/poc_2018_02/apimanager/request.js:14:20)
    at self.callback (/Users/apple/program/poc_2018_02/node_modules/request/request.js:186:22)
    at Request.emit (events.js:159:13)
    at Request.init (/Users/apple/program/poc_2018_02/node_modules/request/request.js:274:17)
    at new Request (/Users/apple/program/poc_2018_02/node_modules/request/request.js:128:8)
    at request (/Users/apple/program/poc_2018_02/node_modules/request/index.js:53:10)
    at Function.post (/Users/apple/program/poc_2018_02/node_modules/request/index.js:61:12)
    at Timeout.doPostHim [as _onTimeout] (/Users/apple/program/poc_2018_02/apimanager/request.js:7:13)
    at ontimeout (timers.js:468:13)
    at tryOnTimeout (timers.js:304:5)
    at Timer.listOnTimeout (timers.js:264:5)
